This is XeTeX, Version 3.141592653-2.6-0.999993 (TeX Live 2021) (preloaded format=xelatex 2022.1.5)  8 FEB 2022 11:29
entering extended mode
 restricted \write18 enabled.
 %&-line parsing enabled.
**paper1.tex
(./paper1.tex
LaTeX2e <2021-11-15> patch level 1
L3 programming layer <2021-11-22>
! Undefined control sequence.
l.1 \section
            {Paper I}\label{sect:paper1}
The control sequence at the end of the top line
of your error message was never \def'ed. If you have
misspelled it (e.g., `\hobx'), type `I' and the correct
spelling (e.g., `I\hbox'). Otherwise just continue,
and I'll forget about whatever was undefined.


! LaTeX Error: Missing \begin{document}.

See the LaTeX manual or LaTeX Companion for explanation.
Type  H <return>  for immediate help.
 ...

l.1 \section{P
              aper I}\label{sect:paper1}
You're in trouble here.  Try typing  <return>  to proceed.
If that doesn't work, type  X <return>  to quit.

Missing character: There is no P ("50) in font nullfont!
Missing character: There is no a ("61) in font nullfont!
Missing character: There is no p ("70) in font nullfont!
Missing character: There is no e ("65) in font nullfont!
Missing character: There is no r ("72) in font nullfont!
Missing character: There is no I ("49) in font nullfont!
)
! Emergency stop.
<*> paper1.tex

*** (job aborted, no legal \end found)


Here is how much of TeX's memory you used:
 15 strings out of 476257
 293 string characters out of 5811151
 305121 words of memory out of 5000000
 20788 multiletter control sequences out of 15000+600000
 403430 words of font info for 27 fonts, out of 8000000 for 9000
 1348 hyphenation exceptions out of 8191
 12i,0n,12p,79b,18s stack positions out of 5000i,500n,10000p,200000b,80000s
No pages of output.
